<?xml version="1.0" encoding="UTF-8"?>
<!-- Generated by org.testng.reporters.JUnitReportReporter -->
<testsuite hostname="LAPTOP-RP4SGGQJ" failures="0" tests="2" name="TestPackage.TestClass" time="0.005" errors="0" timestamp="2022-10-29T11:22:59 IST" skipped="0">
  <testcase classname="TestPackage.TestClass" name="validateForeigners" time="0.004"/>
  <system-out/>
  <testcase classname="TestPackage.TestClass" name="validateWicketKeeper" time="0.001"/>
  <system-out/>
</testsuite> <!-- TestPackage.TestClass -->
